[ 2016-06-27T10:19:06+08:00 ] ::1 /OralEduServer/index.php
INFO: [ app_init ] --START--
INFO: Run Behavior\BuildLiteBehavior [ RunTime:0.000029s ]
INFO: [ app_init ] --END-- [ RunTime:0.018975s ]
INFO: [ app_begin ] --START--
INFO: Run Behavior\ReadHtmlCacheBehavior [ RunTime:0.015206s ]
INFO: [ app_begin ] --END-- [ RunTime:0.015340s ]
INFO: [ app_end ] --START--
INFO: Run Behavior\ShowPageTraceBehavior [ RunTime:0.006206s ]
INFO: [ app_end ] --END-- [ RunTime:0.006393s ]

[ 2016-06-27T10:19:28+08:00 ] ::1 /OralEduServer/index.php
INFO: [ app_init ] --START--
INFO: Run Behavior\BuildLiteBehavior [ RunTime:0.000026s ]
INFO: [ app_init ] --END-- [ RunTime:0.000419s ]
INFO: [ app_begin ] --START--
INFO: Run Behavior\ReadHtmlCacheBehavior [ RunTime:0.000600s ]
INFO: [ app_begin ] --END-- [ RunTime:0.000727s ]
INFO: [ app_end ] --START--
INFO: Run Behavior\ShowPageTraceBehavior [ RunTime:0.000571s ]
INFO: [ app_end ] --END-- [ RunTime:0.000732s ]

[ 2016-06-27T10:19:55+08:00 ] ::1 /OralEduServer/index.php/Home/Index/resd
INFO: [ app_init ] --START--
INFO: Run Behavior\BuildLiteBehavior [ RunTime:0.000028s ]
INFO: [ app_init ] --END-- [ RunTime:0.000575s ]
INFO: [ app_begin ] --START--
INFO: Run Behavior\ReadHtmlCacheBehavior [ RunTime:0.000594s ]
INFO: [ app_begin ] --END-- [ RunTime:0.000721s ]
ERR: 非法操作:resd

[ 2016-06-27T10:20:06+08:00 ] ::1 /OralEduServer/index.php/Home/Index/read
INFO: [ app_init ] --START--
INFO: Run Behavior\BuildLiteBehavior [ RunTime:0.000026s ]
INFO: [ app_init ] --END-- [ RunTime:0.000412s ]
INFO: [ app_begin ] --START--
INFO: Run Behavior\ReadHtmlCacheBehavior [ RunTime:0.000853s ]
INFO: [ app_begin ] --END-- [ RunTime:0.001069s ]
SQL: SHOW COLUMNS FROM `oe_user` [ RunTime:0.0113s ]
SQL: SELECT * FROM `oe_user` WHERE `userid` = 's001' LIMIT 1   [ RunTime:0.0004s ]
NOTIC: [8] Array to string conversion D:\Demo\OralEduServer\Application\Home\Controller\IndexController.class.php 第 13 行.
INFO: [ app_end ] --START--
INFO: Run Behavior\ShowPageTraceBehavior [ RunTime:0.000685s ]
INFO: [ app_end ] --END-- [ RunTime:0.000808s ]

[ 2016-06-27T10:24:41+08:00 ] ::1 /OralEduServer/index.php/Home/Index/read
INFO: [ app_init ] --START--
INFO: Run Behavior\BuildLiteBehavior [ RunTime:0.000043s ]
INFO: [ app_init ] --END-- [ RunTime:0.000790s ]
INFO: [ app_begin ] --START--
INFO: Run Behavior\ReadHtmlCacheBehavior [ RunTime:0.000578s ]
INFO: [ app_begin ] --END-- [ RunTime:0.000746s ]
SQL: SHOW COLUMNS FROM `oe_user` [ RunTime:0.0138s ]
SQL: SELECT * FROM `oe_user` WHERE `userid` = 's001' LIMIT 1   [ RunTime:0.0002s ]
INFO: [ app_end ] --START--
INFO: Run Behavior\ShowPageTraceBehavior [ RunTime:0.000676s ]
INFO: [ app_end ] --END-- [ RunTime:0.000819s ]

[ 2016-06-27T15:55:47+08:00 ] ::1 /OralEduServer/index.php/Home/User/UserLogin?user_id=s001&user_pwd=123321
INFO: [ app_init ] --START--
INFO: Run Behavior\BuildLiteBehavior [ RunTime:0.000029s ]
INFO: [ app_init ] --END-- [ RunTime:0.000579s ]
INFO: [ app_begin ] --START--
INFO: Run Behavior\ReadHtmlCacheBehavior [ RunTime:0.000723s ]
INFO: [ app_begin ] --END-- [ RunTime:0.000969s ]

[ 2016-06-27T15:56:55+08:00 ] ::1 /OralEduServer/index.php/Home/User/UserLogin?user_id=s001&user_pwd=123321
INFO: [ app_init ] --START--
INFO: Run Behavior\BuildLiteBehavior [ RunTime:0.000026s ]
INFO: [ app_init ] --END-- [ RunTime:0.000496s ]
INFO: [ app_begin ] --START--
INFO: Run Behavior\ReadHtmlCacheBehavior [ RunTime:0.000571s ]
INFO: [ app_begin ] --END-- [ RunTime:0.000718s ]

[ 2016-06-27T15:56:57+08:00 ] ::1 /OralEduServer/index.php/Home/User/UserLogin?user_id=s001&user_pwd=123321
INFO: [ app_init ] --START--
INFO: Run Behavior\BuildLiteBehavior [ RunTime:0.000042s ]
INFO: [ app_init ] --END-- [ RunTime:0.000469s ]
INFO: [ app_begin ] --START--
INFO: Run Behavior\ReadHtmlCacheBehavior [ RunTime:0.000597s ]
INFO: [ app_begin ] --END-- [ RunTime:0.000765s ]

[ 2016-06-27T15:58:59+08:00 ] ::1 /OralEduServer/index.php/Home/User/UserLogin?user_id=s001&user_pwd=123321
INFO: [ app_init ] --START--
INFO: Run Behavior\BuildLiteBehavior [ RunTime:0.000027s ]
INFO: [ app_init ] --END-- [ RunTime:0.000516s ]
INFO: [ app_begin ] --START--
INFO: Run Behavior\ReadHtmlCacheBehavior [ RunTime:0.000567s ]
INFO: [ app_begin ] --END-- [ RunTime:0.000742s ]

[ 2016-06-27T15:59:41+08:00 ] ::1 /OralEduServer/index.php/Home/User/UserLogin?user_id=s001&user_pwd=123321
INFO: [ app_init ] --START--
INFO: Run Behavior\BuildLiteBehavior [ RunTime:0.000026s ]
INFO: [ app_init ] --END-- [ RunTime:0.000453s ]
INFO: [ app_begin ] --START--
INFO: Run Behavior\ReadHtmlCacheBehavior [ RunTime:0.000579s ]
INFO: [ app_begin ] --END-- [ RunTime:0.000717s ]

[ 2016-06-27T16:00:20+08:00 ] ::1 /OralEduServer/index.php/Home/User/UserLogin?user_id=s001&user_pwd=123321
INFO: [ app_init ] --START--
INFO: Run Behavior\BuildLiteBehavior [ RunTime:0.000054s ]
INFO: [ app_init ] --END-- [ RunTime:0.000681s ]
INFO: [ app_begin ] --START--
INFO: Run Behavior\ReadHtmlCacheBehavior [ RunTime:0.000561s ]
INFO: [ app_begin ] --END-- [ RunTime:0.000685s ]

[ 2016-06-27T16:00:28+08:00 ] ::1 /OralEduServer/index.php/Home/User/UserLogin?user_id=s001&user_pwd=123321
INFO: [ app_init ] --START--
INFO: Run Behavior\BuildLiteBehavior [ RunTime:0.000031s ]
INFO: [ app_init ] --END-- [ RunTime:0.000634s ]
INFO: [ app_begin ] --START--
INFO: Run Behavior\ReadHtmlCacheBehavior [ RunTime:0.000658s ]
INFO: [ app_begin ] --END-- [ RunTime:0.000816s ]

[ 2016-06-27T16:08:19+08:00 ] ::1 /OralEduServer/index.php/Home/User/UserLogin?user_id=s001&user_pwd=123321
INFO: [ app_init ] --START--
INFO: Run Behavior\BuildLiteBehavior [ RunTime:0.000027s ]
INFO: [ app_init ] --END-- [ RunTime:0.000485s ]
INFO: [ app_begin ] --START--
INFO: Run Behavior\ReadHtmlCacheBehavior [ RunTime:0.000553s ]
INFO: [ app_begin ] --END-- [ RunTime:0.000705s ]

[ 2016-06-27T16:08:37+08:00 ] ::1 /OralEduServer/index.php/Home/User/UserLogin?user_id=s001&user_pwd=123321
INFO: [ app_init ] --START--
INFO: Run Behavior\BuildLiteBehavior [ RunTime:0.000027s ]
INFO: [ app_init ] --END-- [ RunTime:0.000478s ]
INFO: [ app_begin ] --START--
INFO: Run Behavior\ReadHtmlCacheBehavior [ RunTime:0.000614s ]
INFO: [ app_begin ] --END-- [ RunTime:0.000738s ]

[ 2016-06-27T16:09:06+08:00 ] ::1 /OralEduServer/index.php/Home/User/UserLogin?user_id=s001&user_pwd=123321
INFO: [ app_init ] --START--
INFO: Run Behavior\BuildLiteBehavior [ RunTime:0.000027s ]
INFO: [ app_init ] --END-- [ RunTime:0.000553s ]
INFO: [ app_begin ] --START--
INFO: Run Behavior\ReadHtmlCacheBehavior [ RunTime:0.000517s ]
INFO: [ app_begin ] --END-- [ RunTime:0.000643s ]

[ 2016-06-27T16:09:25+08:00 ] ::1 /OralEduServer/index.php/Home/User/UserLogin?user_id=s001&user_pwd=123321
INFO: [ app_init ] --START--
INFO: Run Behavior\BuildLiteBehavior [ RunTime:0.000026s ]
INFO: [ app_init ] --END-- [ RunTime:0.000458s ]
INFO: [ app_begin ] --START--
INFO: Run Behavior\ReadHtmlCacheBehavior [ RunTime:0.000612s ]
INFO: [ app_begin ] --END-- [ RunTime:0.000747s ]

[ 2016-06-27T16:09:31+08:00 ] ::1 /OralEduServer/index.php/Home/User/UserLogin?user_id=s001&user_pwd=123321
INFO: [ app_init ] --START--
INFO: Run Behavior\BuildLiteBehavior [ RunTime:0.000027s ]
INFO: [ app_init ] --END-- [ RunTime:0.000439s ]
INFO: [ app_begin ] --START--
INFO: Run Behavior\ReadHtmlCacheBehavior [ RunTime:0.000777s ]
INFO: [ app_begin ] --END-- [ RunTime:0.001031s ]
ERR: 1146:Table 'oraledu.user_info' doesn't exist
 [ SQL语句 ] : SHOW COLUMNS FROM `user_info`
ERR: 1146:Table 'oraledu.user_info' doesn't exist
 [ SQL语句 ] : SHOW COLUMNS FROM `user_info`

[ 2016-06-27T16:10:29+08:00 ] ::1 /OralEduServer/index.php/Home/User/UserLogin?user_id=s001&user_pwd=123321
INFO: [ app_init ] --START--
INFO: Run Behavior\BuildLiteBehavior [ RunTime:0.000054s ]
INFO: [ app_init ] --END-- [ RunTime:0.000727s ]
INFO: [ app_begin ] --START--
INFO: Run Behavior\ReadHtmlCacheBehavior [ RunTime:0.000658s ]
INFO: [ app_begin ] --END-- [ RunTime:0.000835s ]
SQL: SHOW COLUMNS FROM `oe_user` [ RunTime:0.0560s ]
NOTIC: [8] Undefined variable: uert D:\Demo\OralEduServer\Application\Home\Controller\UserController.class.php 第 16 行.

[ 2016-06-27T16:14:01+08:00 ] ::1 /OralEduServer/index.php/Home/User/UserLogin?user_id=s001&user_pwd=123321
INFO: [ app_init ] --START--
INFO: Run Behavior\BuildLiteBehavior [ RunTime:0.000028s ]
INFO: [ app_init ] --END-- [ RunTime:0.000568s ]
INFO: [ app_begin ] --START--
INFO: Run Behavior\ReadHtmlCacheBehavior [ RunTime:0.000652s ]
INFO: [ app_begin ] --END-- [ RunTime:0.000821s ]
SQL: SHOW COLUMNS FROM `oe_user` [ RunTime:0.0121s ]
SQL: SELECT * FROM `oe_user` WHERE `user_id` = 's001' LIMIT 1   [ RunTime:0.0004s ]
NOTIC: [8] Undefined variable: user_pwd D:\Demo\OralEduServer\Application\Home\Controller\UserController.class.php 第 21 行.
INFO: [ app_end ] --START--
INFO: Run Behavior\ShowPageTraceBehavior [ RunTime:0.000751s ]
INFO: [ app_end ] --END-- [ RunTime:0.000887s ]

[ 2016-06-27T16:15:50+08:00 ] ::1 /OralEduServer/index.php/Home/User/UserLogin?user_id=s001&user_password=123321
INFO: [ app_init ] --START--
INFO: Run Behavior\BuildLiteBehavior [ RunTime:0.000026s ]
INFO: [ app_init ] --END-- [ RunTime:0.000458s ]
INFO: [ app_begin ] --START--
INFO: Run Behavior\ReadHtmlCacheBehavior [ RunTime:0.000618s ]
INFO: [ app_begin ] --END-- [ RunTime:0.000741s ]
SQL: SHOW COLUMNS FROM `oe_user` [ RunTime:0.0367s ]
SQL: SELECT * FROM `oe_user` WHERE `user_id` = 's001' LIMIT 1   [ RunTime:0.0003s ]
NOTIC: [8] Undefined variable: user_pwd D:\Demo\OralEduServer\Application\Home\Controller\UserController.class.php 第 21 行.
INFO: [ app_end ] --START--
INFO: Run Behavior\ShowPageTraceBehavior [ RunTime:0.000754s ]
INFO: [ app_end ] --END-- [ RunTime:0.000876s ]

[ 2016-06-27T16:15:54+08:00 ] ::1 /OralEduServer/index.php/Home/User/UserLogin?user_id=s001&user_password=123321
INFO: [ app_init ] --START--
INFO: Run Behavior\BuildLiteBehavior [ RunTime:0.000026s ]
INFO: [ app_init ] --END-- [ RunTime:0.000436s ]
INFO: [ app_begin ] --START--
INFO: Run Behavior\ReadHtmlCacheBehavior [ RunTime:0.000639s ]
INFO: [ app_begin ] --END-- [ RunTime:0.000762s ]
SQL: SHOW COLUMNS FROM `oe_user` [ RunTime:0.0130s ]
SQL: SELECT * FROM `oe_user` WHERE `user_id` = 's001' LIMIT 1   [ RunTime:0.0002s ]
NOTIC: [8] Undefined variable: user_pwd D:\Demo\OralEduServer\Application\Home\Controller\UserController.class.php 第 21 行.
INFO: [ app_end ] --START--
INFO: Run Behavior\ShowPageTraceBehavior [ RunTime:0.000739s ]
INFO: [ app_end ] --END-- [ RunTime:0.000859s ]

[ 2016-06-27T16:16:33+08:00 ] ::1 /OralEduServer/index.php/Home/User/UserLogin?user_id=s001&user_psw=123321
INFO: [ app_init ] --START--
INFO: Run Behavior\BuildLiteBehavior [ RunTime:0.000025s ]
INFO: [ app_init ] --END-- [ RunTime:0.000453s ]
INFO: [ app_begin ] --START--
INFO: Run Behavior\ReadHtmlCacheBehavior [ RunTime:0.000755s ]
INFO: [ app_begin ] --END-- [ RunTime:0.000914s ]
SQL: SHOW COLUMNS FROM `oe_user` [ RunTime:0.0232s ]
SQL: SELECT * FROM `oe_user` WHERE `user_id` = 's001' LIMIT 1   [ RunTime:0.0003s ]
NOTIC: [8] Undefined variable: user_pwd D:\Demo\OralEduServer\Application\Home\Controller\UserController.class.php 第 21 行.
INFO: [ app_end ] --START--
INFO: Run Behavior\ShowPageTraceBehavior [ RunTime:0.000996s ]
INFO: [ app_end ] --END-- [ RunTime:0.001148s ]

[ 2016-06-27T16:18:23+08:00 ] ::1 /OralEduServer/index.php/Home/User/UserLogin?user_id=s001&user_psw=123321
INFO: [ app_init ] --START--
INFO: Run Behavior\BuildLiteBehavior [ RunTime:0.000027s ]
INFO: [ app_init ] --END-- [ RunTime:0.000454s ]
INFO: [ app_begin ] --START--
INFO: Run Behavior\ReadHtmlCacheBehavior [ RunTime:0.000643s ]
INFO: [ app_begin ] --END-- [ RunTime:0.000765s ]
SQL: SHOW COLUMNS FROM `oe_user` [ RunTime:0.0122s ]
SQL: SELECT * FROM `oe_user` WHERE `user_id` = 's001' LIMIT 1   [ RunTime:0.0002s ]
NOTIC: [8] Undefined variable: user_pwd D:\Demo\OralEduServer\Application\Home\Controller\UserController.class.php 第 21 行.
INFO: [ app_end ] --START--
INFO: Run Behavior\ShowPageTraceBehavior [ RunTime:0.000755s ]
INFO: [ app_end ] --END-- [ RunTime:0.000874s ]

[ 2016-06-27T16:19:52+08:00 ] ::1 /OralEduServer/index.php/Home/User/UserLogin?user_id=s001&user_psw=123321
INFO: [ app_init ] --START--
INFO: Run Behavior\BuildLiteBehavior [ RunTime:0.000028s ]
INFO: [ app_init ] --END-- [ RunTime:0.000484s ]
INFO: [ app_begin ] --START--
INFO: Run Behavior\ReadHtmlCacheBehavior [ RunTime:0.000994s ]
INFO: [ app_begin ] --END-- [ RunTime:0.001247s ]
SQL: SHOW COLUMNS FROM `oe_user` [ RunTime:0.0108s ]
SQL: SELECT * FROM `oe_user` WHERE `user_id` = 's001' LIMIT 1   [ RunTime:0.0002s ]
NOTIC: [8] Undefined variable: user_pwd D:\Demo\OralEduServer\Application\Home\Controller\UserController.class.php 第 21 行.
INFO: [ app_end ] --START--
INFO: Run Behavior\ShowPageTraceBehavior [ RunTime:0.000895s ]
INFO: [ app_end ] --END-- [ RunTime:0.001021s ]

[ 2016-06-27T16:24:01+08:00 ] ::1 /OralEduServer/index.php/Home/User/UserLogin?user_id=%22s001%22&user_psw=%22123321%22
INFO: [ app_init ] --START--
INFO: Run Behavior\BuildLiteBehavior [ RunTime:0.000026s ]
INFO: [ app_init ] --END-- [ RunTime:0.000487s ]
INFO: [ app_begin ] --START--
INFO: Run Behavior\ReadHtmlCacheBehavior [ RunTime:0.000691s ]
INFO: [ app_begin ] --END-- [ RunTime:0.000846s ]
SQL: SHOW COLUMNS FROM `oe_user` [ RunTime:0.0227s ]
SQL: SELECT * FROM `oe_user` WHERE `user_id` = '&quot;s001&quot;' LIMIT 1   [ RunTime:0.0004s ]
INFO: [ app_end ] --START--
INFO: Run Behavior\ShowPageTraceBehavior [ RunTime:0.000727s ]
INFO: [ app_end ] --END-- [ RunTime:0.000872s ]

[ 2016-06-27T16:24:10+08:00 ] ::1 /OralEduServer/index.php/Home/User/UserLogin?user_id=%22s001%22&user_psw=%22123321%22
INFO: [ app_init ] --START--
INFO: Run Behavior\BuildLiteBehavior [ RunTime:0.000046s ]
INFO: [ app_init ] --END-- [ RunTime:0.000779s ]
INFO: [ app_begin ] --START--
INFO: Run Behavior\ReadHtmlCacheBehavior [ RunTime:0.001077s ]
INFO: [ app_begin ] --END-- [ RunTime:0.001300s ]
SQL: SHOW COLUMNS FROM `oe_user` [ RunTime:0.0195s ]
SQL: SELECT * FROM `oe_user` WHERE `user_id` = '&quot;s001&quot;' LIMIT 1   [ RunTime:0.0003s ]
INFO: [ app_end ] --START--
INFO: Run Behavior\ShowPageTraceBehavior [ RunTime:0.001207s ]
INFO: [ app_end ] --END-- [ RunTime:0.001424s ]

[ 2016-06-27T16:24:21+08:00 ] ::1 /OralEduServer/index.php/Home/User/UserLogin?user_id=s00&user_psw=123321
INFO: [ app_init ] --START--
INFO: Run Behavior\BuildLiteBehavior [ RunTime:0.000026s ]
INFO: [ app_init ] --END-- [ RunTime:0.000411s ]
INFO: [ app_begin ] --START--
INFO: Run Behavior\ReadHtmlCacheBehavior [ RunTime:0.000925s ]
INFO: [ app_begin ] --END-- [ RunTime:0.001069s ]
SQL: SHOW COLUMNS FROM `oe_user` [ RunTime:0.0996s ]
SQL: SELECT * FROM `oe_user` WHERE `user_id` = 's00' LIMIT 1   [ RunTime:0.0004s ]
INFO: [ app_end ] --START--
INFO: Run Behavior\ShowPageTraceBehavior [ RunTime:0.000765s ]
INFO: [ app_end ] --END-- [ RunTime:0.000887s ]

[ 2016-06-27T16:24:34+08:00 ] ::1 /OralEduServer/index.php/Home/User/UserLogin?user_id=s001&user_psw=123321
INFO: [ app_init ] --START--
INFO: Run Behavior\BuildLiteBehavior [ RunTime:0.000026s ]
INFO: [ app_init ] --END-- [ RunTime:0.000446s ]
INFO: [ app_begin ] --START--
INFO: Run Behavior\ReadHtmlCacheBehavior [ RunTime:0.000587s ]
INFO: [ app_begin ] --END-- [ RunTime:0.000713s ]
SQL: SHOW COLUMNS FROM `oe_user` [ RunTime:0.1604s ]
SQL: SELECT * FROM `oe_user` WHERE `user_id` = 's001' LIMIT 1   [ RunTime:0.0002s ]
NOTIC: [8] Undefined variable: user_pwd D:\Demo\OralEduServer\Application\Home\Controller\UserController.class.php 第 21 行.
INFO: [ app_end ] --START--
INFO: Run Behavior\ShowPageTraceBehavior [ RunTime:0.000725s ]
INFO: [ app_end ] --END-- [ RunTime:0.000841s ]

[ 2016-06-27T16:24:44+08:00 ] ::1 /OralEduServer/index.php/Home/User/UserLogin?user_id=s001&user_psw=12321
INFO: [ app_init ] --START--
INFO: Run Behavior\BuildLiteBehavior [ RunTime:0.000027s ]
INFO: [ app_init ] --END-- [ RunTime:0.000421s ]
INFO: [ app_begin ] --START--
INFO: Run Behavior\ReadHtmlCacheBehavior [ RunTime:0.000908s ]
INFO: [ app_begin ] --END-- [ RunTime:0.001039s ]
SQL: SHOW COLUMNS FROM `oe_user` [ RunTime:0.0231s ]
SQL: SELECT * FROM `oe_user` WHERE `user_id` = 's001' LIMIT 1   [ RunTime:0.0002s ]
NOTIC: [8] Undefined variable: user_pwd D:\Demo\OralEduServer\Application\Home\Controller\UserController.class.php 第 21 行.
INFO: [ app_end ] --START--
INFO: Run Behavior\ShowPageTraceBehavior [ RunTime:0.000725s ]
INFO: [ app_end ] --END-- [ RunTime:0.000843s ]

[ 2016-06-27T16:24:47+08:00 ] ::1 /OralEduServer/index.php/Home/User/UserLogin?user_id=s001&user_psw=12321
INFO: [ app_init ] --START--
INFO: Run Behavior\BuildLiteBehavior [ RunTime:0.000026s ]
INFO: [ app_init ] --END-- [ RunTime:0.000462s ]
INFO: [ app_begin ] --START--
INFO: Run Behavior\ReadHtmlCacheBehavior [ RunTime:0.000664s ]
INFO: [ app_begin ] --END-- [ RunTime:0.000792s ]
SQL: SHOW COLUMNS FROM `oe_user` [ RunTime:0.0131s ]
SQL: SELECT * FROM `oe_user` WHERE `user_id` = 's001' LIMIT 1   [ RunTime:0.0002s ]
NOTIC: [8] Undefined variable: user_pwd D:\Demo\OralEduServer\Application\Home\Controller\UserController.class.php 第 21 行.
INFO: [ app_end ] --START--
INFO: Run Behavior\ShowPageTraceBehavior [ RunTime:0.000750s ]
INFO: [ app_end ] --END-- [ RunTime:0.000867s ]

[ 2016-06-27T16:25:35+08:00 ] ::1 /OralEduServer/index.php/Home/User/UserLogin?user_id=s001&user_psw=123
INFO: [ app_init ] --START--
INFO: Run Behavior\BuildLiteBehavior [ RunTime:0.000026s ]
INFO: [ app_init ] --END-- [ RunTime:0.000477s ]
INFO: [ app_begin ] --START--
INFO: Run Behavior\ReadHtmlCacheBehavior [ RunTime:0.000719s ]
INFO: [ app_begin ] --END-- [ RunTime:0.000844s ]
SQL: SHOW COLUMNS FROM `oe_user` [ RunTime:0.0299s ]
SQL: SELECT * FROM `oe_user` WHERE `user_id` = 's001' LIMIT 1   [ RunTime:0.0004s ]
NOTIC: [8] Undefined variable: user_pwd D:\Demo\OralEduServer\Application\Home\Controller\UserController.class.php 第 21 行.
INFO: [ app_end ] --START--
INFO: Run Behavior\ShowPageTraceBehavior [ RunTime:0.000720s ]
INFO: [ app_end ] --END-- [ RunTime:0.000882s ]

[ 2016-06-27T16:26:57+08:00 ] ::1 /OralEduServer/index.php/Home/User/UserLogin?user_id=s001&user_psw=123
INFO: [ app_init ] --START--
INFO: Run Behavior\BuildLiteBehavior [ RunTime:0.000029s ]
INFO: [ app_init ] --END-- [ RunTime:0.000487s ]
INFO: [ app_begin ] --START--
INFO: Run Behavior\ReadHtmlCacheBehavior [ RunTime:0.000680s ]
INFO: [ app_begin ] --END-- [ RunTime:0.000830s ]
SQL: SHOW COLUMNS FROM `oe_user` [ RunTime:0.0119s ]
SQL: SELECT * FROM `oe_user` WHERE `user_id` = 's001' LIMIT 1   [ RunTime:0.0002s ]
NOTIC: [8] Undefined variable: user_pwd D:\Demo\OralEduServer\Application\Home\Controller\UserController.class.php 第 21 行.
INFO: [ app_end ] --START--
INFO: Run Behavior\ShowPageTraceBehavior [ RunTime:0.000875s ]
INFO: [ app_end ] --END-- [ RunTime:0.001070s ]

[ 2016-06-27T16:29:02+08:00 ] ::1 /OralEduServer/index.php/Home/User/UserLogin?user_id=s001&user_psw=123
INFO: [ app_init ] --START--
INFO: Run Behavior\BuildLiteBehavior [ RunTime:0.000027s ]
INFO: [ app_init ] --END-- [ RunTime:0.000543s ]
INFO: [ app_begin ] --START--
INFO: Run Behavior\ReadHtmlCacheBehavior [ RunTime:0.001000s ]
INFO: [ app_begin ] --END-- [ RunTime:0.001268s ]
SQL: SHOW COLUMNS FROM `oe_user` [ RunTime:0.0615s ]
SQL: SELECT * FROM `oe_user` WHERE `user_id` = 's001' LIMIT 1   [ RunTime:0.0002s ]
NOTIC: [8] Undefined variable: user_pwd D:\Demo\OralEduServer\Application\Home\Controller\UserController.class.php 第 21 行.
INFO: [ app_end ] --START--
INFO: Run Behavior\ShowPageTraceBehavior [ RunTime:0.000648s ]
INFO: [ app_end ] --END-- [ RunTime:0.000765s ]

[ 2016-06-27T16:29:06+08:00 ] ::1 /OralEduServer/index.php/Home/User/UserLogin?user_id=s001&user_psw=123
INFO: [ app_init ] --START--
INFO: Run Behavior\BuildLiteBehavior [ RunTime:0.000029s ]
INFO: [ app_init ] --END-- [ RunTime:0.000490s ]
INFO: [ app_begin ] --START--
INFO: Run Behavior\ReadHtmlCacheBehavior [ RunTime:0.000481s ]
INFO: [ app_begin ] --END-- [ RunTime:0.000606s ]
SQL: SHOW COLUMNS FROM `oe_user` [ RunTime:0.0123s ]
SQL: SELECT * FROM `oe_user` WHERE `user_id` = 's001' LIMIT 1   [ RunTime:0.0002s ]
NOTIC: [8] Undefined variable: user_pwd D:\Demo\OralEduServer\Application\Home\Controller\UserController.class.php 第 21 行.
INFO: [ app_end ] --START--
INFO: Run Behavior\ShowPageTraceBehavior [ RunTime:0.000547s ]
INFO: [ app_end ] --END-- [ RunTime:0.000676s ]

[ 2016-06-27T16:29:07+08:00 ] ::1 /OralEduServer/index.php/Home/User/UserLogin?user_id=s001&user_psw=123
INFO: [ app_init ] --START--
INFO: Run Behavior\BuildLiteBehavior [ RunTime:0.000025s ]
INFO: [ app_init ] --END-- [ RunTime:0.000404s ]
INFO: [ app_begin ] --START--
INFO: Run Behavior\ReadHtmlCacheBehavior [ RunTime:0.000439s ]
INFO: [ app_begin ] --END-- [ RunTime:0.000557s ]
SQL: SHOW COLUMNS FROM `oe_user` [ RunTime:0.0287s ]
SQL: SELECT * FROM `oe_user` WHERE `user_id` = 's001' LIMIT 1   [ RunTime:0.0002s ]
NOTIC: [8] Undefined variable: user_pwd D:\Demo\OralEduServer\Application\Home\Controller\UserController.class.php 第 21 行.
INFO: [ app_end ] --START--
INFO: Run Behavior\ShowPageTraceBehavior [ RunTime:0.000601s ]
INFO: [ app_end ] --END-- [ RunTime:0.000727s ]

[ 2016-06-27T16:29:08+08:00 ] ::1 /OralEduServer/index.php/Home/User/UserLogin?user_id=s001&user_psw=123
INFO: [ app_init ] --START--
INFO: Run Behavior\BuildLiteBehavior [ RunTime:0.000026s ]
INFO: [ app_init ] --END-- [ RunTime:0.000458s ]
INFO: [ app_begin ] --START--
INFO: Run Behavior\ReadHtmlCacheBehavior [ RunTime:0.000498s ]
INFO: [ app_begin ] --END-- [ RunTime:0.000620s ]
SQL: SHOW COLUMNS FROM `oe_user` [ RunTime:0.0115s ]
SQL: SELECT * FROM `oe_user` WHERE `user_id` = 's001' LIMIT 1   [ RunTime:0.0002s ]
NOTIC: [8] Undefined variable: user_pwd D:\Demo\OralEduServer\Application\Home\Controller\UserController.class.php 第 21 行.
INFO: [ app_end ] --START--
INFO: Run Behavior\ShowPageTraceBehavior [ RunTime:0.000518s ]
INFO: [ app_end ] --END-- [ RunTime:0.000652s ]

[ 2016-06-27T16:29:08+08:00 ] ::1 /OralEduServer/index.php/Home/User/UserLogin?user_id=s001&user_psw=123
INFO: [ app_init ] --START--
INFO: Run Behavior\BuildLiteBehavior [ RunTime:0.000026s ]
INFO: [ app_init ] --END-- [ RunTime:0.000414s ]
INFO: [ app_begin ] --START--
INFO: Run Behavior\ReadHtmlCacheBehavior [ RunTime:0.000670s ]
INFO: [ app_begin ] --END-- [ RunTime:0.000874s ]
SQL: SHOW COLUMNS FROM `oe_user` [ RunTime:0.0080s ]
SQL: SELECT * FROM `oe_user` WHERE `user_id` = 's001' LIMIT 1   [ RunTime:0.0002s ]
NOTIC: [8] Undefined variable: user_pwd D:\Demo\OralEduServer\Application\Home\Controller\UserController.class.php 第 21 行.
INFO: [ app_end ] --START--
INFO: Run Behavior\ShowPageTraceBehavior [ RunTime:0.000740s ]
INFO: [ app_end ] --END-- [ RunTime:0.000862s ]

[ 2016-06-27T16:29:10+08:00 ] ::1 /OralEduServer/index.php/Home/User/UserLogin?user_id=s001&user_psw=123
INFO: [ app_init ] --START--
INFO: Run Behavior\BuildLiteBehavior [ RunTime:0.000026s ]
INFO: [ app_init ] --END-- [ RunTime:0.000411s ]
INFO: [ app_begin ] --START--
INFO: Run Behavior\ReadHtmlCacheBehavior [ RunTime:0.000496s ]
INFO: [ app_begin ] --END-- [ RunTime:0.000630s ]
SQL: SHOW COLUMNS FROM `oe_user` [ RunTime:0.0387s ]
SQL: SELECT * FROM `oe_user` WHERE `user_id` = 's001' LIMIT 1   [ RunTime:0.0003s ]
NOTIC: [8] Undefined variable: user_pwd D:\Demo\OralEduServer\Application\Home\Controller\UserController.class.php 第 21 行.
INFO: [ app_end ] --START--
INFO: Run Behavior\ShowPageTraceBehavior [ RunTime:0.000580s ]
INFO: [ app_end ] --END-- [ RunTime:0.000703s ]

[ 2016-06-27T16:29:10+08:00 ] ::1 /OralEduServer/index.php/Home/User/UserLogin?user_id=s001&user_psw=123
INFO: [ app_init ] --START--
INFO: Run Behavior\BuildLiteBehavior [ RunTime:0.000025s ]
INFO: [ app_init ] --END-- [ RunTime:0.000440s ]
INFO: [ app_begin ] --START--
INFO: Run Behavior\ReadHtmlCacheBehavior [ RunTime:0.000467s ]
INFO: [ app_begin ] --END-- [ RunTime:0.000588s ]
SQL: SHOW COLUMNS FROM `oe_user` [ RunTime:0.0074s ]
SQL: SELECT * FROM `oe_user` WHERE `user_id` = 's001' LIMIT 1   [ RunTime:0.0003s ]
NOTIC: [8] Undefined variable: user_pwd D:\Demo\OralEduServer\Application\Home\Controller\UserController.class.php 第 21 行.
INFO: [ app_end ] --START--
INFO: Run Behavior\ShowPageTraceBehavior [ RunTime:0.000581s ]
INFO: [ app_end ] --END-- [ RunTime:0.000701s ]

[ 2016-06-27T16:29:11+08:00 ] ::1 /OralEduServer/index.php/Home/User/UserLogin?user_id=s001&user_psw=123
INFO: [ app_init ] --START--
INFO: Run Behavior\BuildLiteBehavior [ RunTime:0.000026s ]
INFO: [ app_init ] --END-- [ RunTime:0.000396s ]
INFO: [ app_begin ] --START--
INFO: Run Behavior\ReadHtmlCacheBehavior [ RunTime:0.000414s ]
INFO: [ app_begin ] --END-- [ RunTime:0.000533s ]
SQL: SHOW COLUMNS FROM `oe_user` [ RunTime:0.0119s ]
SQL: SELECT * FROM `oe_user` WHERE `user_id` = 's001' LIMIT 1   [ RunTime:0.0002s ]
NOTIC: [8] Undefined variable: user_pwd D:\Demo\OralEduServer\Application\Home\Controller\UserController.class.php 第 21 行.
INFO: [ app_end ] --START--
INFO: Run Behavior\ShowPageTraceBehavior [ RunTime:0.000710s ]
INFO: [ app_end ] --END-- [ RunTime:0.000920s ]

[ 2016-06-27T16:29:12+08:00 ] ::1 /OralEduServer/index.php/Home/User/UserLogin?user_id=s001&user_psw=123
INFO: [ app_init ] --START--
INFO: Run Behavior\BuildLiteBehavior [ RunTime:0.000026s ]
INFO: [ app_init ] --END-- [ RunTime:0.000445s ]
INFO: [ app_begin ] --START--
INFO: Run Behavior\ReadHtmlCacheBehavior [ RunTime:0.000531s ]
INFO: [ app_begin ] --END-- [ RunTime:0.000708s ]
SQL: SHOW COLUMNS FROM `oe_user` [ RunTime:0.0127s ]
SQL: SELECT * FROM `oe_user` WHERE `user_id` = 's001' LIMIT 1   [ RunTime:0.0002s ]
NOTIC: [8] Undefined variable: user_pwd D:\Demo\OralEduServer\Application\Home\Controller\UserController.class.php 第 21 行.
INFO: [ app_end ] --START--
INFO: Run Behavior\ShowPageTraceBehavior [ RunTime:0.000607s ]
INFO: [ app_end ] --END-- [ RunTime:0.000745s ]

[ 2016-06-27T16:29:13+08:00 ] ::1 /OralEduServer/index.php/Home/User/UserLogin?user_id=s001&user_psw=123
INFO: [ app_init ] --START--
INFO: Run Behavior\BuildLiteBehavior [ RunTime:0.000026s ]
INFO: [ app_init ] --END-- [ RunTime:0.000475s ]
INFO: [ app_begin ] --START--
INFO: Run Behavior\ReadHtmlCacheBehavior [ RunTime:0.000479s ]
INFO: [ app_begin ] --END-- [ RunTime:0.000600s ]
SQL: SHOW COLUMNS FROM `oe_user` [ RunTime:0.0128s ]
SQL: SELECT * FROM `oe_user` WHERE `user_id` = 's001' LIMIT 1   [ RunTime:0.0002s ]
NOTIC: [8] Undefined variable: user_pwd D:\Demo\OralEduServer\Application\Home\Controller\UserController.class.php 第 21 行.
INFO: [ app_end ] --START--
INFO: Run Behavior\ShowPageTraceBehavior [ RunTime:0.000512s ]
INFO: [ app_end ] --END-- [ RunTime:0.000663s ]

[ 2016-06-27T16:29:13+08:00 ] ::1 /OralEduServer/index.php/Home/User/UserLogin?user_id=s001&user_psw=123
INFO: [ app_init ] --START--
INFO: Run Behavior\BuildLiteBehavior [ RunTime:0.000027s ]
INFO: [ app_init ] --END-- [ RunTime:0.000471s ]
INFO: [ app_begin ] --START--
INFO: Run Behavior\ReadHtmlCacheBehavior [ RunTime:0.000440s ]
INFO: [ app_begin ] --END-- [ RunTime:0.000603s ]
SQL: SHOW COLUMNS FROM `oe_user` [ RunTime:0.0075s ]
SQL: SELECT * FROM `oe_user` WHERE `user_id` = 's001' LIMIT 1   [ RunTime:0.0002s ]
NOTIC: [8] Undefined variable: user_pwd D:\Demo\OralEduServer\Application\Home\Controller\UserController.class.php 第 21 行.
INFO: [ app_end ] --START--
INFO: Run Behavior\ShowPageTraceBehavior [ RunTime:0.000507s ]
INFO: [ app_end ] --END-- [ RunTime:0.000624s ]

[ 2016-06-27T16:29:14+08:00 ] ::1 /OralEduServer/index.php/Home/User/UserLogin?user_id=s001&user_psw=123
INFO: [ app_init ] --START--
INFO: Run Behavior\BuildLiteBehavior [ RunTime:0.000028s ]
INFO: [ app_init ] --END-- [ RunTime:0.000526s ]
INFO: [ app_begin ] --START--
INFO: Run Behavior\ReadHtmlCacheBehavior [ RunTime:0.000463s ]
INFO: [ app_begin ] --END-- [ RunTime:0.000590s ]
SQL: SHOW COLUMNS FROM `oe_user` [ RunTime:0.0121s ]
SQL: SELECT * FROM `oe_user` WHERE `user_id` = 's001' LIMIT 1   [ RunTime:0.0003s ]
NOTIC: [8] Undefined variable: user_pwd D:\Demo\OralEduServer\Application\Home\Controller\UserController.class.php 第 21 行.
INFO: [ app_end ] --START--
INFO: Run Behavior\ShowPageTraceBehavior [ RunTime:0.000573s ]
INFO: [ app_end ] --END-- [ RunTime:0.000694s ]

[ 2016-06-27T16:34:08+08:00 ] ::1 /OralEduServer/index.php/Home/User/UserLogin?user_id=s001&user_psw=123
INFO: [ app_init ] --START--
INFO: Run Behavior\BuildLiteBehavior [ RunTime:0.000027s ]
INFO: [ app_init ] --END-- [ RunTime:0.000444s ]
INFO: [ app_begin ] --START--
INFO: Run Behavior\ReadHtmlCacheBehavior [ RunTime:0.000623s ]
INFO: [ app_begin ] --END-- [ RunTime:0.000746s ]
SQL: SHOW COLUMNS FROM `oe_user` [ RunTime:0.0121s ]
SQL: SELECT * FROM `oe_user` WHERE `user_id` = 's001' LIMIT 1   [ RunTime:0.0002s ]
NOTIC: [8] Undefined variable: user_pwd D:\Demo\OralEduServer\Application\Home\Controller\UserController.class.php 第 21 行.
INFO: [ app_end ] --START--
INFO: Run Behavior\ShowPageTraceBehavior [ RunTime:0.000747s ]
INFO: [ app_end ] --END-- [ RunTime:0.000897s ]

[ 2016-06-27T16:34:13+08:00 ] ::1 /OralEduServer/index.php/Home/User/UserLogin?user_id=s001&user_psw=123
INFO: [ app_init ] --START--
INFO: Run Behavior\BuildLiteBehavior [ RunTime:0.000026s ]
INFO: [ app_init ] --END-- [ RunTime:0.000412s ]
INFO: [ app_begin ] --START--
INFO: Run Behavior\ReadHtmlCacheBehavior [ RunTime:0.000398s ]
INFO: [ app_begin ] --END-- [ RunTime:0.000517s ]
SQL: SHOW COLUMNS FROM `oe_user` [ RunTime:0.0124s ]
SQL: SELECT * FROM `oe_user` WHERE `user_id` = 's001' LIMIT 1   [ RunTime:0.0002s ]
NOTIC: [8] Undefined variable: user_pwd D:\Demo\OralEduServer\Application\Home\Controller\UserController.class.php 第 21 行.
INFO: [ app_end ] --START--
INFO: Run Behavior\ShowPageTraceBehavior [ RunTime:0.000829s ]
INFO: [ app_end ] --END-- [ RunTime:0.001038s ]

[ 2016-06-27T16:34:13+08:00 ] ::1 /OralEduServer/index.php/Home/User/UserLogin?user_id=s001&user_psw=123
INFO: [ app_init ] --START--
INFO: Run Behavior\BuildLiteBehavior [ RunTime:0.000027s ]
INFO: [ app_init ] --END-- [ RunTime:0.000396s ]
INFO: [ app_begin ] --START--
INFO: Run Behavior\ReadHtmlCacheBehavior [ RunTime:0.000408s ]
INFO: [ app_begin ] --END-- [ RunTime:0.000528s ]
SQL: SHOW COLUMNS FROM `oe_user` [ RunTime:0.0074s ]
SQL: SELECT * FROM `oe_user` WHERE `user_id` = 's001' LIMIT 1   [ RunTime:0.0002s ]
NOTIC: [8] Undefined variable: user_pwd D:\Demo\OralEduServer\Application\Home\Controller\UserController.class.php 第 21 行.
INFO: [ app_end ] --START--
INFO: Run Behavior\ShowPageTraceBehavior [ RunTime:0.000487s ]
INFO: [ app_end ] --END-- [ RunTime:0.000603s ]

[ 2016-06-27T16:34:14+08:00 ] ::1 /OralEduServer/index.php/Home/User/UserLogin?user_id=s001&user_psw=123
INFO: [ app_init ] --START--
INFO: Run Behavior\BuildLiteBehavior [ RunTime:0.000028s ]
INFO: [ app_init ] --END-- [ RunTime:0.000399s ]
INFO: [ app_begin ] --START--
INFO: Run Behavior\ReadHtmlCacheBehavior [ RunTime:0.000420s ]
INFO: [ app_begin ] --END-- [ RunTime:0.000568s ]
SQL: SHOW COLUMNS FROM `oe_user` [ RunTime:0.0120s ]
SQL: SELECT * FROM `oe_user` WHERE `user_id` = 's001' LIMIT 1   [ RunTime:0.0003s ]
NOTIC: [8] Undefined variable: user_pwd D:\Demo\OralEduServer\Application\Home\Controller\UserController.class.php 第 21 行.
INFO: [ app_end ] --START--
INFO: Run Behavior\ShowPageTraceBehavior [ RunTime:0.000540s ]
INFO: [ app_end ] --END-- [ RunTime:0.000658s ]

[ 2016-06-27T16:34:15+08:00 ] ::1 /OralEduServer/index.php/Home/User/UserLogin?user_id=s001&user_psw=123
INFO: [ app_init ] --START--
INFO: Run Behavior\BuildLiteBehavior [ RunTime:0.000026s ]
INFO: [ app_init ] --END-- [ RunTime:0.000393s ]
INFO: [ app_begin ] --START--
INFO: Run Behavior\ReadHtmlCacheBehavior [ RunTime:0.000428s ]
INFO: [ app_begin ] --END-- [ RunTime:0.000548s ]
SQL: SHOW COLUMNS FROM `oe_user` [ RunTime:0.0119s ]
SQL: SELECT * FROM `oe_user` WHERE `user_id` = 's001' LIMIT 1   [ RunTime:0.0003s ]
NOTIC: [8] Undefined variable: user_pwd D:\Demo\OralEduServer\Application\Home\Controller\UserController.class.php 第 21 行.
INFO: [ app_end ] --START--
INFO: Run Behavior\ShowPageTraceBehavior [ RunTime:0.000562s ]
INFO: [ app_end ] --END-- [ RunTime:0.000699s ]

[ 2016-06-27T16:34:23+08:00 ] ::1 /OralEduServer/index.php/Home/User/UserLogin?user_id=s001&user_psw=123
INFO: [ app_init ] --START--
INFO: Run Behavior\BuildLiteBehavior [ RunTime:0.000025s ]
INFO: [ app_init ] --END-- [ RunTime:0.000410s ]
INFO: [ app_begin ] --START--
INFO: Run Behavior\ReadHtmlCacheBehavior [ RunTime:0.000415s ]
INFO: [ app_begin ] --END-- [ RunTime:0.000536s ]
SQL: SHOW COLUMNS FROM `oe_user` [ RunTime:0.0119s ]
SQL: SELECT * FROM `oe_user` WHERE `user_id` = 's001' LIMIT 1   [ RunTime:0.0002s ]
INFO: [ app_end ] --START--
INFO: Run Behavior\ShowPageTraceBehavior [ RunTime:0.000511s ]
INFO: [ app_end ] --END-- [ RunTime:0.000630s ]

[ 2016-06-27T16:36:38+08:00 ] ::1 /OralEduServer/index.php/Home/User/UserLogin?user_id=s001&user_psw=123
INFO: [ app_init ] --START--
INFO: Run Behavior\BuildLiteBehavior [ RunTime:0.000026s ]
INFO: [ app_init ] --END-- [ RunTime:0.000451s ]
INFO: [ app_begin ] --START--
INFO: Run Behavior\ReadHtmlCacheBehavior [ RunTime:0.000543s ]
INFO: [ app_begin ] --END-- [ RunTime:0.000664s ]
SQL: SHOW COLUMNS FROM `oe_user` [ RunTime:0.0126s ]
SQL: SELECT * FROM `oe_user` WHERE `user_id` = 's001' LIMIT 1   [ RunTime:0.0002s ]
INFO: [ app_end ] --START--
INFO: Run Behavior\ShowPageTraceBehavior [ RunTime:0.000594s ]
INFO: [ app_end ] --END-- [ RunTime:0.000712s ]

[ 2016-06-27T16:37:44+08:00 ] ::1 /OralEduServer/index.php/Home/User/UserLogin?user_id=s001&user_psw=123
INFO: [ app_init ] --START--
INFO: Run Behavior\BuildLiteBehavior [ RunTime:0.000047s ]
INFO: [ app_init ] --END-- [ RunTime:0.000548s ]
INFO: [ app_begin ] --START--
INFO: Run Behavior\ReadHtmlCacheBehavior [ RunTime:0.000466s ]
INFO: [ app_begin ] --END-- [ RunTime:0.000612s ]
SQL: SHOW COLUMNS FROM `oe_user` [ RunTime:0.0128s ]
SQL: SELECT * FROM `oe_user` WHERE `user_id` = 's001' LIMIT 1   [ RunTime:0.0002s ]
INFO: [ app_end ] --START--
INFO: Run Behavior\ShowPageTraceBehavior [ RunTime:0.000551s ]
INFO: [ app_end ] --END-- [ RunTime:0.000669s ]

[ 2016-06-27T16:37:47+08:00 ] ::1 /OralEduServer/index.php/Home/User/UserLogin?user_id=s001&user_psw=123
INFO: [ app_init ] --START--
INFO: Run Behavior\BuildLiteBehavior [ RunTime:0.000025s ]
INFO: [ app_init ] --END-- [ RunTime:0.000398s ]
INFO: [ app_begin ] --START--
INFO: Run Behavior\ReadHtmlCacheBehavior [ RunTime:0.000403s ]
INFO: [ app_begin ] --END-- [ RunTime:0.000521s ]
SQL: SHOW COLUMNS FROM `oe_user` [ RunTime:0.0128s ]
SQL: SELECT * FROM `oe_user` WHERE `user_id` = 's001' LIMIT 1   [ RunTime:0.0002s ]
INFO: [ app_end ] --START--
INFO: Run Behavior\ShowPageTraceBehavior [ RunTime:0.000520s ]
INFO: [ app_end ] --END-- [ RunTime:0.000655s ]

[ 2016-06-27T16:37:50+08:00 ] ::1 /OralEduServer/index.php/Home/User/UserLogin?user_id=s001&user_psw=123
INFO: [ app_init ] --START--
INFO: Run Behavior\BuildLiteBehavior [ RunTime:0.000040s ]
INFO: [ app_init ] --END-- [ RunTime:0.000405s ]
INFO: [ app_begin ] --START--
INFO: Run Behavior\ReadHtmlCacheBehavior [ RunTime:0.000411s ]
INFO: [ app_begin ] --END-- [ RunTime:0.000536s ]
SQL: SHOW COLUMNS FROM `oe_user` [ RunTime:0.0190s ]
SQL: SELECT * FROM `oe_user` WHERE `user_id` = 's001' LIMIT 1   [ RunTime:0.0002s ]
INFO: [ app_end ] --START--
INFO: Run Behavior\ShowPageTraceBehavior [ RunTime:0.000501s ]
INFO: [ app_end ] --END-- [ RunTime:0.000675s ]

[ 2016-06-27T16:38:41+08:00 ] ::1 /OralEduServer/index.php/Home/User/UserLogin?user_id=s001&user_psw=12321
INFO: [ app_init ] --START--
INFO: Run Behavior\BuildLiteBehavior [ RunTime:0.000028s ]
INFO: [ app_init ] --END-- [ RunTime:0.000448s ]
INFO: [ app_begin ] --START--
INFO: Run Behavior\ReadHtmlCacheBehavior [ RunTime:0.000557s ]
INFO: [ app_begin ] --END-- [ RunTime:0.000691s ]
SQL: SHOW COLUMNS FROM `oe_user` [ RunTime:0.0137s ]
SQL: SELECT * FROM `oe_user` WHERE `user_id` = 's001' LIMIT 1   [ RunTime:0.0002s ]
INFO: [ app_end ] --START--
INFO: Run Behavior\ShowPageTraceBehavior [ RunTime:0.000679s ]
INFO: [ app_end ] --END-- [ RunTime:0.000813s ]

[ 2016-06-27T16:38:42+08:00 ] ::1 /OralEduServer/index.php/Home/User/UserLogin?user_id=s001&user_psw=123321
INFO: [ app_init ] --START--
INFO: Run Behavior\BuildLiteBehavior [ RunTime:0.000026s ]
INFO: [ app_init ] --END-- [ RunTime:0.000382s ]
INFO: [ app_begin ] --START--
INFO: Run Behavior\ReadHtmlCacheBehavior [ RunTime:0.000430s ]
INFO: [ app_begin ] --END-- [ RunTime:0.000555s ]
SQL: SHOW COLUMNS FROM `oe_user` [ RunTime:0.0120s ]
SQL: SELECT * FROM `oe_user` WHERE `user_id` = 's001' LIMIT 1   [ RunTime:0.0002s ]
INFO: [ app_end ] --START--
INFO: Run Behavior\ShowPageTraceBehavior [ RunTime:0.000528s ]
INFO: [ app_end ] --END-- [ RunTime:0.000645s ]

[ 2016-06-27T16:38:43+08:00 ] ::1 /OralEduServer/index.php/Home/User/UserLogin?user_id=s00&user_psw=123321
INFO: [ app_init ] --START--
INFO: Run Behavior\BuildLiteBehavior [ RunTime:0.000027s ]
INFO: [ app_init ] --END-- [ RunTime:0.000454s ]
INFO: [ app_begin ] --START--
INFO: Run Behavior\ReadHtmlCacheBehavior [ RunTime:0.000407s ]
INFO: [ app_begin ] --END-- [ RunTime:0.000527s ]
SQL: SHOW COLUMNS FROM `oe_user` [ RunTime:0.0072s ]
SQL: SELECT * FROM `oe_user` WHERE `user_id` = 's00' LIMIT 1   [ RunTime:0.0005s ]
INFO: [ app_end ] --START--
INFO: Run Behavior\ShowPageTraceBehavior [ RunTime:0.000690s ]
INFO: [ app_end ] --END-- [ RunTime:0.000892s ]

[ 2016-06-27T16:38:44+08:00 ] ::1 /OralEduServer/index.php/Home/User/UserLogin?user_id=%22s001%22&user_psw=%22123321%22
INFO: [ app_init ] --START--
INFO: Run Behavior\BuildLiteBehavior [ RunTime:0.000027s ]
INFO: [ app_init ] --END-- [ RunTime:0.000401s ]
INFO: [ app_begin ] --START--
INFO: Run Behavior\ReadHtmlCacheBehavior [ RunTime:0.000424s ]
INFO: [ app_begin ] --END-- [ RunTime:0.000570s ]
SQL: SHOW COLUMNS FROM `oe_user` [ RunTime:0.0117s ]
SQL: SELECT * FROM `oe_user` WHERE `user_id` = '&quot;s001&quot;' LIMIT 1   [ RunTime:0.0004s ]
INFO: [ app_end ] --START--
INFO: Run Behavior\ShowPageTraceBehavior [ RunTime:0.000511s ]
INFO: [ app_end ] --END-- [ RunTime:0.000628s ]

[ 2016-06-27T16:38:45+08:00 ] ::1 /OralEduServer/index.php/Home/User/UserLogin?user_id=s001&user_psw=123321
INFO: [ app_init ] --START--
INFO: Run Behavior\BuildLiteBehavior [ RunTime:0.000025s ]
INFO: [ app_init ] --END-- [ RunTime:0.000374s ]
INFO: [ app_begin ] --START--
INFO: Run Behavior\ReadHtmlCacheBehavior [ RunTime:0.000496s ]
INFO: [ app_begin ] --END-- [ RunTime:0.000635s ]
SQL: SHOW COLUMNS FROM `oe_user` [ RunTime:0.0074s ]
SQL: SELECT * FROM `oe_user` WHERE `user_id` = 's001' LIMIT 1   [ RunTime:0.0003s ]
INFO: [ app_end ] --START--
INFO: Run Behavior\ShowPageTraceBehavior [ RunTime:0.000564s ]
INFO: [ app_end ] --END-- [ RunTime:0.000691s ]

[ 2016-06-27T16:38:45+08:00 ] ::1 /OralEduServer/index.php/Home/User/UserLogin?user_id=s001&user_password=123321
INFO: [ app_init ] --START--
INFO: Run Behavior\BuildLiteBehavior [ RunTime:0.000025s ]
INFO: [ app_init ] --END-- [ RunTime:0.000380s ]
INFO: [ app_begin ] --START--
INFO: Run Behavior\ReadHtmlCacheBehavior [ RunTime:0.000428s ]
INFO: [ app_begin ] --END-- [ RunTime:0.000563s ]
SQL: SHOW COLUMNS FROM `oe_user` [ RunTime:0.0118s ]
SQL: SELECT * FROM `oe_user` WHERE `user_id` = 's001' LIMIT 1   [ RunTime:0.0002s ]
INFO: [ app_end ] --START--
INFO: Run Behavior\ShowPageTraceBehavior [ RunTime:0.000504s ]
INFO: [ app_end ] --END-- [ RunTime:0.000622s ]

[ 2016-06-27T16:38:46+08:00 ] ::1 /OralEduServer/index.php/Home/User/UserLogin?user_id=s001&user_pwd=123321
INFO: [ app_init ] --START--
INFO: Run Behavior\BuildLiteBehavior [ RunTime:0.000026s ]
INFO: [ app_init ] --END-- [ RunTime:0.000408s ]
INFO: [ app_begin ] --START--
INFO: Run Behavior\ReadHtmlCacheBehavior [ RunTime:0.000426s ]
INFO: [ app_begin ] --END-- [ RunTime:0.000546s ]
SQL: SHOW COLUMNS FROM `oe_user` [ RunTime:0.0123s ]
SQL: SELECT * FROM `oe_user` WHERE `user_id` = 's001' LIMIT 1   [ RunTime:0.0002s ]
INFO: [ app_end ] --START--
INFO: Run Behavior\ShowPageTraceBehavior [ RunTime:0.000519s ]
INFO: [ app_end ] --END-- [ RunTime:0.000640s ]

[ 2016-06-27T16:38:46+08:00 ] ::1 /OralEduServer/index.php/Home/Index/read
INFO: [ app_init ] --START--
INFO: Run Behavior\BuildLiteBehavior [ RunTime:0.000026s ]
INFO: [ app_init ] --END-- [ RunTime:0.000379s ]
INFO: [ app_begin ] --START--
INFO: Run Behavior\ReadHtmlCacheBehavior [ RunTime:0.000426s ]
INFO: [ app_begin ] --END-- [ RunTime:0.000547s ]
SQL: SHOW COLUMNS FROM `oe_user` [ RunTime:0.0079s ]
SQL: SELECT * FROM `oe_user` LIMIT 1   [ RunTime:0.0004s ]
INFO: [ app_end ] --START--
INFO: Run Behavior\ShowPageTraceBehavior [ RunTime:0.000735s ]
INFO: [ app_end ] --END-- [ RunTime:0.000887s ]

[ 2016-06-27T16:38:47+08:00 ] ::1 /OralEduServer/index.php/Home/User/UserLogin?user_id=s001&user_pwd=123321
INFO: [ app_init ] --START--
INFO: Run Behavior\BuildLiteBehavior [ RunTime:0.000026s ]
INFO: [ app_init ] --END-- [ RunTime:0.000399s ]
INFO: [ app_begin ] --START--
INFO: Run Behavior\ReadHtmlCacheBehavior [ RunTime:0.000442s ]
INFO: [ app_begin ] --END-- [ RunTime:0.000571s ]
SQL: SHOW COLUMNS FROM `oe_user` [ RunTime:0.0122s ]
SQL: SELECT * FROM `oe_user` WHERE `user_id` = 's001' LIMIT 1   [ RunTime:0.0002s ]
INFO: [ app_end ] --START--
INFO: Run Behavior\ShowPageTraceBehavior [ RunTime:0.000534s ]
INFO: [ app_end ] --END-- [ RunTime:0.000659s ]

[ 2016-06-27T16:38:48+08:00 ] ::1 /OralEduServer/index.php/Home/User/UserLogin?user_id=s001&user_password=123321
INFO: [ app_init ] --START--
INFO: Run Behavior\BuildLiteBehavior [ RunTime:0.000058s ]
INFO: [ app_init ] --END-- [ RunTime:0.000417s ]
INFO: [ app_begin ] --START--
INFO: Run Behavior\ReadHtmlCacheBehavior [ RunTime:0.000408s ]
INFO: [ app_begin ] --END-- [ RunTime:0.000527s ]
SQL: SHOW COLUMNS FROM `oe_user` [ RunTime:0.0541s ]
SQL: SELECT * FROM `oe_user` WHERE `user_id` = 's001' LIMIT 1   [ RunTime:0.0002s ]
INFO: [ app_end ] --START--
INFO: Run Behavior\ShowPageTraceBehavior [ RunTime:0.000480s ]
INFO: [ app_end ] --END-- [ RunTime:0.000598s ]

[ 2016-06-27T16:38:48+08:00 ] ::1 /OralEduServer/index.php/Home/User/UserLogin?user_id=s001&user_psw=123321
INFO: [ app_init ] --START--
INFO: Run Behavior\BuildLiteBehavior [ RunTime:0.000027s ]
INFO: [ app_init ] --END-- [ RunTime:0.000512s ]
INFO: [ app_begin ] --START--
INFO: Run Behavior\ReadHtmlCacheBehavior [ RunTime:0.000404s ]
INFO: [ app_begin ] --END-- [ RunTime:0.000553s ]
SQL: SHOW COLUMNS FROM `oe_user` [ RunTime:0.0072s ]
SQL: SELECT * FROM `oe_user` WHERE `user_id` = 's001' LIMIT 1   [ RunTime:0.0003s ]
INFO: [ app_end ] --START--
INFO: Run Behavior\ShowPageTraceBehavior [ RunTime:0.000614s ]
INFO: [ app_end ] --END-- [ RunTime:0.000823s ]

[ 2016-06-27T16:38:49+08:00 ] ::1 /OralEduServer/index.php/Home/User/UserLogin?user_id=%22s001%22&user_psw=%22123321%22
INFO: [ app_init ] --START--
INFO: Run Behavior\BuildLiteBehavior [ RunTime:0.000028s ]
INFO: [ app_init ] --END-- [ RunTime:0.000433s ]
INFO: [ app_begin ] --START--
INFO: Run Behavior\ReadHtmlCacheBehavior [ RunTime:0.000408s ]
INFO: [ app_begin ] --END-- [ RunTime:0.000526s ]
SQL: SHOW COLUMNS FROM `oe_user` [ RunTime:0.0126s ]
SQL: SELECT * FROM `oe_user` WHERE `user_id` = '&quot;s001&quot;' LIMIT 1   [ RunTime:0.0002s ]
INFO: [ app_end ] --START--
INFO: Run Behavior\ShowPageTraceBehavior [ RunTime:0.000480s ]
INFO: [ app_end ] --END-- [ RunTime:0.000598s ]

[ 2016-06-27T16:38:49+08:00 ] ::1 /OralEduServer/index.php/Home/User/UserLogin?user_id=s00&user_psw=123321
INFO: [ app_init ] --START--
INFO: Run Behavior\BuildLiteBehavior [ RunTime:0.000026s ]
INFO: [ app_init ] --END-- [ RunTime:0.000379s ]
INFO: [ app_begin ] --START--
INFO: Run Behavior\ReadHtmlCacheBehavior [ RunTime:0.000474s ]
INFO: [ app_begin ] --END-- [ RunTime:0.000606s ]
SQL: SHOW COLUMNS FROM `oe_user` [ RunTime:0.0074s ]
SQL: SELECT * FROM `oe_user` WHERE `user_id` = 's00' LIMIT 1   [ RunTime:0.0002s ]
INFO: [ app_end ] --START--
INFO: Run Behavior\ShowPageTraceBehavior [ RunTime:0.000818s ]
INFO: [ app_end ] --END-- [ RunTime:0.000953s ]

[ 2016-06-27T16:38:49+08:00 ] ::1 /OralEduServer/index.php/Home/User/UserLogin?user_id=s001&user_psw=123321
INFO: [ app_init ] --START--
INFO: Run Behavior\BuildLiteBehavior [ RunTime:0.000027s ]
INFO: [ app_init ] --END-- [ RunTime:0.000389s ]
INFO: [ app_begin ] --START--
INFO: Run Behavior\ReadHtmlCacheBehavior [ RunTime:0.000402s ]
INFO: [ app_begin ] --END-- [ RunTime:0.000521s ]
SQL: SHOW COLUMNS FROM `oe_user` [ RunTime:0.0070s ]
SQL: SELECT * FROM `oe_user` WHERE `user_id` = 's001' LIMIT 1   [ RunTime:0.0002s ]
INFO: [ app_end ] --START--
INFO: Run Behavior\ShowPageTraceBehavior [ RunTime:0.000870s ]
INFO: [ app_end ] --END-- [ RunTime:0.001079s ]

[ 2016-06-27T16:38:50+08:00 ] ::1 /OralEduServer/index.php/Home/User/UserLogin?user_id=s001&user_psw=12321
INFO: [ app_init ] --START--
INFO: Run Behavior\BuildLiteBehavior [ RunTime:0.000027s ]
INFO: [ app_init ] --END-- [ RunTime:0.000422s ]
INFO: [ app_begin ] --START--
INFO: Run Behavior\ReadHtmlCacheBehavior [ RunTime:0.000403s ]
INFO: [ app_begin ] --END-- [ RunTime:0.000523s ]
SQL: SHOW COLUMNS FROM `oe_user` [ RunTime:0.0121s ]
SQL: SELECT * FROM `oe_user` WHERE `user_id` = 's001' LIMIT 1   [ RunTime:0.0002s ]
INFO: [ app_end ] --START--
INFO: Run Behavior\ShowPageTraceBehavior [ RunTime:0.000531s ]
INFO: [ app_end ] --END-- [ RunTime:0.000664s ]

[ 2016-06-27T16:38:50+08:00 ] ::1 /OralEduServer/index.php/Home/User/UserLogin?user_id=s001&user_psw=123
INFO: [ app_init ] --START--
INFO: Run Behavior\BuildLiteBehavior [ RunTime:0.000026s ]
INFO: [ app_init ] --END-- [ RunTime:0.000399s ]
INFO: [ app_begin ] --START--
INFO: Run Behavior\ReadHtmlCacheBehavior [ RunTime:0.000433s ]
INFO: [ app_begin ] --END-- [ RunTime:0.000553s ]
SQL: SHOW COLUMNS FROM `oe_user` [ RunTime:0.0074s ]
SQL: SELECT * FROM `oe_user` WHERE `user_id` = 's001' LIMIT 1   [ RunTime:0.0002s ]
INFO: [ app_end ] --START--
INFO: Run Behavior\ShowPageTraceBehavior [ RunTime:0.000783s ]
INFO: [ app_end ] --END-- [ RunTime:0.001018s ]

[ 2016-06-27T16:40:12+08:00 ] ::1 /OralEduServer/index.php/Home/User/UserLogin?user_id=s001&user_pwd=123
INFO: [ app_init ] --START--
INFO: Run Behavior\BuildLiteBehavior [ RunTime:0.000027s ]
INFO: [ app_init ] --END-- [ RunTime:0.000437s ]
INFO: [ app_begin ] --START--
INFO: Run Behavior\ReadHtmlCacheBehavior [ RunTime:0.000407s ]
INFO: [ app_begin ] --END-- [ RunTime:0.000526s ]
SQL: SHOW COLUMNS FROM `oe_user` [ RunTime:0.0202s ]
SQL: SELECT * FROM `oe_user` WHERE `user_id` = 's001' LIMIT 1   [ RunTime:0.0002s ]
INFO: [ app_end ] --START--
INFO: Run Behavior\ShowPageTraceBehavior [ RunTime:0.000518s ]
INFO: [ app_end ] --END-- [ RunTime:0.000637s ]

[ 2016-06-27T16:42:33+08:00 ] ::1 /OralEduServer/index.php/Home/User/UserLogin?user_moblie=12345678901&user_pwd=123
INFO: [ app_init ] --START--
INFO: Run Behavior\BuildLiteBehavior [ RunTime:0.000027s ]
INFO: [ app_init ] --END-- [ RunTime:0.000459s ]
INFO: [ app_begin ] --START--
INFO: Run Behavior\ReadHtmlCacheBehavior [ RunTime:0.000520s ]
INFO: [ app_begin ] --END-- [ RunTime:0.000641s ]
SQL: SHOW COLUMNS FROM `oe_user` [ RunTime:0.0278s ]
SQL: SELECT * FROM `oe_user` WHERE `user_id` = '' LIMIT 1   [ RunTime:0.0004s ]
INFO: [ app_end ] --START--
INFO: Run Behavior\ShowPageTraceBehavior [ RunTime:0.000917s ]
INFO: [ app_end ] --END-- [ RunTime:0.001176s ]

[ 2016-06-27T16:43:56+08:00 ] ::1 /OralEduServer/index.php/Home/User/UserLogin?user_moblie=12345678901&user_pwd=123
INFO: [ app_init ] --START--
INFO: Run Behavior\BuildLiteBehavior [ RunTime:0.000028s ]
INFO: [ app_init ] --END-- [ RunTime:0.000601s ]
INFO: [ app_begin ] --START--
INFO: Run Behavior\ReadHtmlCacheBehavior [ RunTime:0.001009s ]
INFO: [ app_begin ] --END-- [ RunTime:0.001167s ]
SQL: SHOW COLUMNS FROM `oe_user` [ RunTime:0.0110s ]
SQL: SELECT * FROM `oe_user` WHERE `user_moblie` = '12345678901' LIMIT 1   [ RunTime:0.0005s ]
INFO: [ app_end ] --START--
INFO: Run Behavior\ShowPageTraceBehavior [ RunTime:0.001130s ]
INFO: [ app_end ] --END-- [ RunTime:0.001252s ]

